<?xml version="1.0" encoding="UTF-8"?>
<testng-results skipped="0" failed="0" ignored="0" total="1" passed="1">
  <reporter-output>
  </reporter-output>
  <suite name="Default suite" duration-ms="35034" started-at="2020-03-02T21:26:34Z" finished-at="2020-03-02T21:27:09Z">
    <groups>
    </groups>
    <test name="Default test" duration-ms="35034" started-at="2020-03-02T21:26:34Z" finished-at="2020-03-02T21:27:09Z">
      <class name="com.training.sanity.tests.DeleteProduct">
        <test-method status="PASS" signature="setUpBeforeClass()[pri:0, instance:com.training.sanity.tests.DeleteProduct@482f8f11]" name="setUpBeforeClass" is-config="true" duration-ms="11" started-at="2020-03-03T02:56:34Z" finished-at="2020-03-03T02:56:34Z">
          <reporter-output>
          </reporter-output>
        </test-method> <!-- setUpBeforeClass -->
        <test-method status="PASS" signature="setUp()[pri:0, instance:com.training.sanity.tests.DeleteProduct@482f8f11]" name="setUp" is-config="true" duration-ms="7383" started-at="2020-03-03T02:56:34Z" finished-at="2020-03-03T02:56:41Z">
          <reporter-output>
          </reporter-output>
        </test-method> <!-- setUp -->
        <test-method status="PASS" signature="validLoginTest()[pri:1, instance:com.training.sanity.tests.DeleteProduct@482f8f11]" name="validLoginTest" duration-ms="25880" started-at="2020-03-03T02:56:41Z" finished-at="2020-03-03T02:57:07Z">
          <reporter-output>
          </reporter-output>
        </test-method> <!-- validLoginTest -->
        <test-method status="PASS" signature="tearDown()[pri:0, instance:com.training.sanity.tests.DeleteProduct@482f8f11]" name="tearDown" is-config="true" duration-ms="1738" started-at="2020-03-03T02:57:07Z" finished-at="2020-03-03T02:57:09Z">
          <reporter-output>
          </reporter-output>
        </test-method> <!-- tearDown -->
      </class> <!-- com.training.sanity.tests.DeleteProduct -->
    </test> <!-- Default test -->
  </suite> <!-- Default suite -->
</testng-results>
